<?xml version="1.0" encoding="UTF-8"?>
<!-- Generated by org.testng.reporters.JUnitReportReporter -->
<testsuite hostname="sangeetha-Lenovo-V130-14IKB" failures="0" tests="3" name="Rida.Services$CompanyAgent" time="16.351" errors="0" timestamp="2019-12-02T18:18:11 IST" skipped="0">
  <testcase classname="Rida.Services$CompanyAgent" name="verifyTitle" time="0.016"/>
  <testcase classname="Rida.Services$CompanyAgent" name="login" time="0.879"/>
  <testcase classname="Rida.Services$CompanyAgent" name="AddAgent" time="15.456"/>
</testsuite> <!-- Rida.Services$CompanyAgent -->
